User belongs to experiment group 'jupyterTestcf'
User belongs to experiment group 'jupyterEnhancedDataViewer'
Info 2021-08-26 14:11:25: ZMQ install verified.
Info 2021-08-26 14:11:25: id is 2fc35a16-2c7a-4c76-abd2-dc76c671e71c
Info 2021-08-26 14:11:25: Find preferred kernel for file:///opt/ml/input/data/train/Untitled1.ipynb with metadata {"kernelspec":{"display_name":"Python 3","language":"python","name":"python3"},"language_info":{"codemirror_mode":{"name":"ipython","version":3},"file_extension":".py","mimetype":"text/x-python","name":"python","nbconvert_exporter":"python","pygments_lexer":"ipython3","version":"3.8.5"}} & preferred interpreter {}
Info 2021-08-26 14:11:25: Find kernel spec, Class name = C, completed in 190ms, has a falsy return value, Arg 1: <Uri:/opt/ml/input/data/train/Untitled1.ipynb>, Arg 2: {"kernelspec":{"display_name":"Python 3","language":"python","name":"python3"},"language_info":{"codemirror_mode":{"name":"ipython","version":3},"file_extension":".py","mimetype":"text/x-python","name":"python","nbconvert_exporter":"python","pygments_lexer":"ipython3","version":"3.8.5"}}, Arg 3: {"_isCancelled":false,"_emitter":{"_disposed":false,"_listeners":{"_first":{"next":{},"prev":{}},"_last":{"next":{},"prev":{}},"_size":1}}}, Return Value: undefined
Info 2021-08-26 14:11:26: No controller, hence notebook communications cannot be initialized for editor file:///opt/ml/input/data/train/Untitled1.ipynb
Info 2021-08-26 14:12:41: Cached data exists getEnvironmentVariables, <No Resource>
Info 2021-08-26 14:12:41: Process Execution: > D:\Users\dusvl\anaconda3\envs\hw\python.exe -c "import jupyter"
> D:\Users\dusvl\anaconda3\envs\hw\python.exe -c "import jupyter"
Info 2021-08-26 14:12:41: Process Execution: > D:\Users\dusvl\anaconda3\envs\hw\python.exe -c "import jupyter"
> D:\Users\dusvl\anaconda3\envs\hw\python.exe -c "import jupyter"
Info 2021-08-26 14:12:41: Cached data exists getEnvironmentVariables, <No Resource>
Info 2021-08-26 14:12:41: Process Execution: > D:\Users\dusvl\anaconda3\envs\hw\python.exe -c "import notebook"
> D:\Users\dusvl\anaconda3\envs\hw\python.exe -c "import notebook"
Info 2021-08-26 14:12:41: Process Execution: > D:\Users\dusvl\anaconda3\envs\hw\python.exe -c "import notebook"
> D:\Users\dusvl\anaconda3\envs\hw\python.exe -c "import notebook"
Info 2021-08-26 18:47:28: Shutting down notebooks for 1fef6c33-510a-41e4-ae52-7cc5d9a85c59
Info 2021-08-26 18:47:28: Disposing HostJupyterExecution 8f5bcb29-28cc-47c2-8548-65e12c616aaa
Info 2021-08-26 18:47:28: Disposing super HostJupyterExecution 8f5bcb29-28cc-47c2-8548-65e12c616aaa
Info 2021-08-26 18:47:28: Disposing HostJupyterExecution 8f5bcb29-28cc-47c2-8548-65e12c616aaa
Info 2021-08-26 18:47:28: Finished disposing HostJupyterExecution  8f5bcb29-28cc-47c2-8548-65e12c616aaa
Info 2021-08-26 18:47:28: Disposing HostJupyterExecution 8f5bcb29-28cc-47c2-8548-65e12c616aaa
Info 2021-08-26 18:47:28: Finished disposing HostJupyterExecution  8f5bcb29-28cc-47c2-8548-65e12c616aaa
Info 2021-08-26 18:47:28: Getting live share API during dispose HostJupyterExecution 8f5bcb29-28cc-47c2-8548-65e12c616aaa
Info 2021-08-26 18:47:28: Detaching HostJupyterExecution 8f5bcb29-28cc-47c2-8548-65e12c616aaa
Info 2021-08-26 18:47:28: Cleaning up server cache 8f5bcb29-28cc-47c2-8548-65e12c616aaa
Info 2021-08-26 18:47:28: Finished disposing HostJupyterExecution  8f5bcb29-28cc-47c2-8548-65e12c616aaa
