User belongs to experiment group 'pythonaacf'
User belongs to experiment group 'pythonJediLSP'
User belongs to experiment group 'pythonDiscoveryModuleWithoutWatcher'
User belongs to experiment group 'pythonTensorboardExperiment'
User belongs to experiment group 'pythonSurveyNotificationcf'
User belongs to experiment group 'PythonPyTorchProfiler'
User belongs to experiment group 'pythonDeprecatePythonPath'
User belongs to experiment group 'pythonSortEnvs'
Error 2021-08-27 07:30:05: stat() failed for "/opt/ml/.vscode-server/extensions/PythonCodingPack" [Canceled (FileSystemError): Canceled
	at _handleError (/opt/ml/.vscode-server/bin/3866c3553be8b268c8a7f8c0482c0c0177aa8bfa/out/vs/server/remoteExtensionHostProcess.js:85:158899)
	at processTicksAndRejections (internal/process/task_queues.js:93:5)
	at async b.pathExists (/opt/ml/.vscode-server/extensions/ms-python.python-2021.8.1159798656/out/client/extension.js:9:322197)
	at async Object.t.setExtensionInstallTelemetryProperties (/opt/ml/.vscode-server/extensions/ms-python.python-2021.8.1159798656/out/client/extension.js:59:506111)
	at async /opt/ml/.vscode-server/extensions/ms-python.python-2021.8.1159798656/out/client/extension.js:52:8865
	at async Object.t.activateComponents (/opt/ml/.vscode-server/extensions/ms-python.python-2021.8.1159798656/out/client/extension.js:52:8695)
	at async /opt/ml/.vscode-server/extensions/ms-python.python-2021.8.1159798656/out/client/extension.js:29:30076
	at async t.activate (/opt/ml/.vscode-server/extensions/ms-python.python-2021.8.1159798656/out/client/extension.js:29:29667)
	at async Promise.all (index 0)] {
  code: 'Unknown'
}
Python interpreter path: /opt/conda/bin/python
Error 2021-08-27 07:30:05: Failed to prompt to launch TensorBoard session based on preexisting tfevent files in workspace: Canceled: Canceled
Error 2021-08-27 07:30:05: stat() failed for "/opt/ml/.env" [Canceled (FileSystemError): Canceled
	at _handleError (/opt/ml/.vscode-server/bin/3866c3553be8b268c8a7f8c0482c0c0177aa8bfa/out/vs/server/remoteExtensionHostProcess.js:85:158899)] {
  code: 'Unknown'
}
Error 2021-08-27 07:30:05: stat() failed for "/usr/bin/python3" [Canceled (FileSystemError): Canceled
	at _handleError (/opt/ml/.vscode-server/bin/3866c3553be8b268c8a7f8c0482c0c0177aa8bfa/out/vs/server/remoteExtensionHostProcess.js:85:158899)] {
  code: 'Unknown'
}
Error 2021-08-27 07:30:05: Failed to activate a workspace, Class name = v, completed in 216ms, has a falsy return value, Arg 1: <Uri:/opt/ml/input/data/train/vscode_test.py>, Return Value: undefined [Canceled: Canceled
	at Object.i [as canceled] (/opt/ml/.vscode-server/bin/3866c3553be8b268c8a7f8c0482c0c0177aa8bfa/out/vs/server/remoteExtensionHostProcess.js:5:1157)
	at h._remoteCall (/opt/ml/.vscode-server/bin/3866c3553be8b268c8a7f8c0482c0c0177aa8bfa/out/vs/server/remoteExtensionHostProcess.js:89:12893)
	at Proxy.w.<computed>.E.charCodeAt.w.<computed> (/opt/ml/.vscode-server/bin/3866c3553be8b268c8a7f8c0482c0c0177aa8bfa/out/vs/server/remoteExtensionHostProcess.js:89:9388)
	at S.setValue (/opt/ml/.vscode-server/bin/3866c3553be8b268c8a7f8c0482c0c0177aa8bfa/out/vs/server/remoteExtensionHostProcess.js:86:28750)
	at /opt/ml/.vscode-server/bin/3866c3553be8b268c8a7f8c0482c0c0177aa8bfa/out/vs/server/remoteExtensionHostProcess.js:78:4889
	at E.runner (/opt/ml/.vscode-server/bin/3866c3553be8b268c8a7f8c0482c0c0177aa8bfa/out/vs/server/remoteExtensionHostProcess.js:78:5020)
	at E.doRun (/opt/ml/.vscode-server/bin/3866c3553be8b268c8a7f8c0482c0c0177aa8bfa/out/vs/server/remoteExtensionHostProcess.js:64:18421)
	at E.onTimeout (/opt/ml/.vscode-server/bin/3866c3553be8b268c8a7f8c0482c0c0177aa8bfa/out/vs/server/remoteExtensionHostProcess.js:64:18387)
	at listOnTimeout (internal/timers.js:554:17)
	at processTimers (internal/timers.js:497:7)]
Error 2021-08-27 07:30:05: Failure during activation. [Canceled: Canceled
	at Object.i [as canceled] (/opt/ml/.vscode-server/bin/3866c3553be8b268c8a7f8c0482c0c0177aa8bfa/out/vs/server/remoteExtensionHostProcess.js:5:1157)
	at h._remoteCall (/opt/ml/.vscode-server/bin/3866c3553be8b268c8a7f8c0482c0c0177aa8bfa/out/vs/server/remoteExtensionHostProcess.js:89:12893)
	at Proxy.w.<computed>.E.charCodeAt.w.<computed> (/opt/ml/.vscode-server/bin/3866c3553be8b268c8a7f8c0482c0c0177aa8bfa/out/vs/server/remoteExtensionHostProcess.js:89:9388)
	at S.setValue (/opt/ml/.vscode-server/bin/3866c3553be8b268c8a7f8c0482c0c0177aa8bfa/out/vs/server/remoteExtensionHostProcess.js:86:28750)
	at /opt/ml/.vscode-server/bin/3866c3553be8b268c8a7f8c0482c0c0177aa8bfa/out/vs/server/remoteExtensionHostProcess.js:78:4889
	at E.runner (/opt/ml/.vscode-server/bin/3866c3553be8b268c8a7f8c0482c0c0177aa8bfa/out/vs/server/remoteExtensionHostProcess.js:78:5020)
	at E.doRun (/opt/ml/.vscode-server/bin/3866c3553be8b268c8a7f8c0482c0c0177aa8bfa/out/vs/server/remoteExtensionHostProcess.js:64:18421)
	at E.onTimeout (/opt/ml/.vscode-server/bin/3866c3553be8b268c8a7f8c0482c0c0177aa8bfa/out/vs/server/remoteExtensionHostProcess.js:64:18387)
	at listOnTimeout (internal/timers.js:554:17)
	at processTimers (internal/timers.js:497:7)]
Error 2021-08-27 07:30:05: sendStartupTelemetry() failed. [Canceled: Canceled
	at Object.i [as canceled] (/opt/ml/.vscode-server/bin/3866c3553be8b268c8a7f8c0482c0c0177aa8bfa/out/vs/server/remoteExtensionHostProcess.js:5:1157)
	at h._remoteCall (/opt/ml/.vscode-server/bin/3866c3553be8b268c8a7f8c0482c0c0177aa8bfa/out/vs/server/remoteExtensionHostProcess.js:89:12893)
	at Proxy.w.<computed>.E.charCodeAt.w.<computed> (/opt/ml/.vscode-server/bin/3866c3553be8b268c8a7f8c0482c0c0177aa8bfa/out/vs/server/remoteExtensionHostProcess.js:89:9388)
	at S.setValue (/opt/ml/.vscode-server/bin/3866c3553be8b268c8a7f8c0482c0c0177aa8bfa/out/vs/server/remoteExtensionHostProcess.js:86:28750)
	at /opt/ml/.vscode-server/bin/3866c3553be8b268c8a7f8c0482c0c0177aa8bfa/out/vs/server/remoteExtensionHostProcess.js:78:4889
	at E.runner (/opt/ml/.vscode-server/bin/3866c3553be8b268c8a7f8c0482c0c0177aa8bfa/out/vs/server/remoteExtensionHostProcess.js:78:5020)
	at E.doRun (/opt/ml/.vscode-server/bin/3866c3553be8b268c8a7f8c0482c0c0177aa8bfa/out/vs/server/remoteExtensionHostProcess.js:64:18421)
	at E.onTimeout (/opt/ml/.vscode-server/bin/3866c3553be8b268c8a7f8c0482c0c0177aa8bfa/out/vs/server/remoteExtensionHostProcess.js:64:18387)
	at listOnTimeout (internal/timers.js:554:17)
	at processTimers (internal/timers.js:497:7)]
