[2021-08-23 04:55:04.635] [exthost] [info] extension host started
[2021-08-23 04:55:04.671] [exthost] [info] ExtensionService#_doActivateExtension vscode.debug-auto-launch {"startup":true,"extensionId":{"value":"vscode.debug-auto-launch","_lower":"vscode.debug-auto-launch"},"activationEvent":"*"}
[2021-08-23 04:55:04.671] [exthost] [info] ExtensionService#loadCommonJSModule file:///opt/ml/.vscode-server/bin/3866c3553be8b268c8a7f8c0482c0c0177aa8bfa/extensions/debug-auto-launch/dist/extension
[2021-08-23 04:55:04.676] [exthost] [info] ExtensionService#_doActivateExtension vscode.git {"startup":true,"extensionId":{"value":"vscode.github","_lower":"vscode.github"},"activationEvent":"*"}
[2021-08-23 04:55:04.676] [exthost] [info] ExtensionService#loadCommonJSModule file:///opt/ml/.vscode-server/bin/3866c3553be8b268c8a7f8c0482c0c0177aa8bfa/extensions/git/dist/main
[2021-08-23 04:55:04.885] [exthost] [info] ExtensionService#_doActivateExtension vscode.github {"startup":true,"extensionId":{"value":"vscode.github","_lower":"vscode.github"},"activationEvent":"*"}
[2021-08-23 04:55:04.885] [exthost] [info] ExtensionService#loadCommonJSModule file:///opt/ml/.vscode-server/bin/3866c3553be8b268c8a7f8c0482c0c0177aa8bfa/extensions/github/dist/extension.js
[2021-08-23 04:55:04.924] [exthost] [info] ExtensionService#_doActivateExtension vscode.emmet {"startup":false,"extensionId":{"value":"vscode.emmet","_lower":"vscode.emmet"},"activationEvent":"onStartupFinished"}
[2021-08-23 04:55:04.924] [exthost] [info] ExtensionService#loadCommonJSModule file:///opt/ml/.vscode-server/bin/3866c3553be8b268c8a7f8c0482c0c0177aa8bfa/extensions/emmet/dist/node/emmetNodeMain
[2021-08-23 04:55:04.941] [exthost] [info] ExtensionService#_doActivateExtension vscode.merge-conflict {"startup":false,"extensionId":{"value":"vscode.merge-conflict","_lower":"vscode.merge-conflict"},"activationEvent":"onStartupFinished"}
[2021-08-23 04:55:04.941] [exthost] [info] ExtensionService#loadCommonJSModule file:///opt/ml/.vscode-server/bin/3866c3553be8b268c8a7f8c0482c0c0177aa8bfa/extensions/merge-conflict/dist/mergeConflictMain
[2021-08-23 04:55:04.945] [exthost] [info] eager extensions activated
[2021-08-23 04:55:04.946] [exthost] [info] ExtensionService#_doActivateExtension ms-vscode.js-debug {"startup":false,"extensionId":{"value":"ms-vscode.js-debug","_lower":"ms-vscode.js-debug"},"activationEvent":"onCommand:extension.js-debug.clearAutoAttachVariables"}
[2021-08-23 04:55:04.946] [exthost] [info] ExtensionService#loadCommonJSModule file:///opt/ml/.vscode-server/bin/3866c3553be8b268c8a7f8c0482c0c0177aa8bfa/extensions/ms-vscode.js-debug/src/extension.js
[2021-08-23 04:55:07.826] [exthost] [info] ExtensionService#_doActivateExtension vscode.configuration-editing {"startup":false,"extensionId":{"value":"vscode.configuration-editing","_lower":"vscode.configuration-editing"},"activationEvent":"onLanguage:jsonc"}
[2021-08-23 04:55:07.826] [exthost] [info] ExtensionService#loadCommonJSModule file:///opt/ml/.vscode-server/bin/3866c3553be8b268c8a7f8c0482c0c0177aa8bfa/extensions/configuration-editing/dist/configurationEditingMain
[2021-08-23 04:55:07.832] [exthost] [info] ExtensionService#_doActivateExtension vscode.json-language-features {"startup":false,"extensionId":{"value":"vscode.json-language-features","_lower":"vscode.json-language-features"},"activationEvent":"onLanguage:jsonc"}
[2021-08-23 04:55:07.832] [exthost] [info] ExtensionService#loadCommonJSModule file:///opt/ml/.vscode-server/bin/3866c3553be8b268c8a7f8c0482c0c0177aa8bfa/extensions/json-language-features/client/dist/node/jsonClientMain
[2021-08-23 04:55:07.906] [exthost] [info] ExtensionService#_doActivateExtension vscode.typescript-language-features {"startup":false,"extensionId":{"value":"vscode.typescript-language-features","_lower":"vscode.typescript-language-features"},"activationEvent":"onLanguage:jsonc"}
[2021-08-23 04:55:07.906] [exthost] [info] ExtensionService#loadCommonJSModule file:///opt/ml/.vscode-server/bin/3866c3553be8b268c8a7f8c0482c0c0177aa8bfa/extensions/typescript-language-features/dist/extension
[2021-08-23 04:55:38.559] [exthost] [info] extension host terminating: received terminate message from renderer
[2021-08-23 04:55:39.572] [exthost] [info] exiting with code 0
