[2021-08-27 05:38:30.049] [exthost] [info] extension host started
[2021-08-27 05:38:30.060] [exthost] [info] Lock '/opt/ml/.vscode-server/data/User/workspaceStorage/868326161f723fffa27566f36ac88867/vscode.lock': Lock acquired.
[2021-08-27 05:38:30.100] [exthost] [info] ExtensionService#_doActivateExtension ms-python.python {"startup":false,"extensionId":{"value":"ms-python.vscode-pylance","_lower":"ms-python.vscode-pylance"},"activationEvent":"onLanguage:python"}
[2021-08-27 05:38:30.100] [exthost] [info] ExtensionService#loadCommonJSModule file:///opt/ml/.vscode-server/extensions/ms-python.python-2021.8.1159798656/out/client/extension
[2021-08-27 05:38:30.432] [exthost] [info] ExtensionService#_doActivateExtension ms-toolsai.jupyter {"startup":false,"extensionId":{"value":"ms-toolsai.jupyter","_lower":"ms-toolsai.jupyter"},"activationEvent":"onLanguage:python"}
[2021-08-27 05:38:30.432] [exthost] [info] ExtensionService#loadCommonJSModule file:///opt/ml/.vscode-server/extensions/ms-toolsai.jupyter-2021.8.1236758218/out/client/extension
[2021-08-27 05:38:30.740] [exthost] [info] ExtensionService#_doActivateExtension vscode.debug-auto-launch {"startup":true,"extensionId":{"value":"vscode.debug-auto-launch","_lower":"vscode.debug-auto-launch"},"activationEvent":"*"}
[2021-08-27 05:38:30.740] [exthost] [info] ExtensionService#loadCommonJSModule file:///opt/ml/.vscode-server/bin/3866c3553be8b268c8a7f8c0482c0c0177aa8bfa/extensions/debug-auto-launch/dist/extension
[2021-08-27 05:38:30.744] [exthost] [info] ExtensionService#_doActivateExtension vscode.git {"startup":true,"extensionId":{"value":"vscode.github","_lower":"vscode.github"},"activationEvent":"*"}
[2021-08-27 05:38:30.745] [exthost] [info] ExtensionService#loadCommonJSModule file:///opt/ml/.vscode-server/bin/3866c3553be8b268c8a7f8c0482c0c0177aa8bfa/extensions/git/dist/main
[2021-08-27 05:38:30.839] [exthost] [info] ExtensionService#_doActivateExtension mhutchie.git-graph {"startup":true,"extensionId":{"value":"mhutchie.git-graph","_lower":"mhutchie.git-graph"},"activationEvent":"*"}
[2021-08-27 05:38:30.839] [exthost] [info] ExtensionService#loadCommonJSModule file:///opt/ml/.vscode-server/extensions/mhutchie.git-graph-1.30.0/out/extension.js
[2021-08-27 05:38:31.080] [exthost] [info] ExtensionService#_doActivateExtension vscode.github {"startup":true,"extensionId":{"value":"vscode.github","_lower":"vscode.github"},"activationEvent":"*"}
[2021-08-27 05:38:31.081] [exthost] [info] ExtensionService#loadCommonJSModule file:///opt/ml/.vscode-server/bin/3866c3553be8b268c8a7f8c0482c0c0177aa8bfa/extensions/github/dist/extension.js
[2021-08-27 05:38:31.456] [exthost] [info] ExtensionService#_doActivateExtension vscode.emmet {"startup":false,"extensionId":{"value":"vscode.emmet","_lower":"vscode.emmet"},"activationEvent":"onStartupFinished"}
[2021-08-27 05:38:31.457] [exthost] [info] ExtensionService#loadCommonJSModule file:///opt/ml/.vscode-server/bin/3866c3553be8b268c8a7f8c0482c0c0177aa8bfa/extensions/emmet/dist/node/emmetNodeMain
[2021-08-27 05:38:31.482] [exthost] [info] ExtensionService#_doActivateExtension vscode.merge-conflict {"startup":false,"extensionId":{"value":"vscode.merge-conflict","_lower":"vscode.merge-conflict"},"activationEvent":"onStartupFinished"}
[2021-08-27 05:38:31.482] [exthost] [info] ExtensionService#loadCommonJSModule file:///opt/ml/.vscode-server/bin/3866c3553be8b268c8a7f8c0482c0c0177aa8bfa/extensions/merge-conflict/dist/mergeConflictMain
[2021-08-27 05:38:31.488] [exthost] [info] eager extensions activated
[2021-08-27 05:38:31.720] [exthost] [warning] [Decorations] CAPPING events from decorations provider vscode.git 5000
[2021-08-27 05:38:32.875] [exthost] [info] ExtensionService#_doActivateExtension ms-vscode.js-debug {"startup":false,"extensionId":{"value":"ms-vscode.js-debug","_lower":"ms-vscode.js-debug"},"activationEvent":"onCommand:extension.js-debug.clearAutoAttachVariables"}
[2021-08-27 05:38:32.875] [exthost] [info] ExtensionService#loadCommonJSModule file:///opt/ml/.vscode-server/bin/3866c3553be8b268c8a7f8c0482c0c0177aa8bfa/extensions/ms-vscode.js-debug/src/extension.js
[2021-08-27 05:38:33.489] [exthost] [info] ExtensionService#_doActivateExtension ms-python.vscode-pylance {"startup":false,"extensionId":{"value":"ms-python.vscode-pylance","_lower":"ms-python.vscode-pylance"},"activationEvent":"onLanguage:python"}
[2021-08-27 05:38:33.489] [exthost] [info] ExtensionService#loadCommonJSModule file:///opt/ml/.vscode-server/extensions/ms-python.vscode-pylance-2021.8.3/dist/extension.bundle.js
[2021-08-27 05:39:39.460] [exthost] [warning] [Decorations] CAPPING events from decorations provider vscode.git 5001
[2021-08-27 07:29:53.198] [exthost] [warning] [Decorations] CAPPING events from decorations provider vscode.git 5000
[2021-08-27 07:29:55.085] [exthost] [info] extension host terminating: received terminate message from renderer
[2021-08-27 07:29:55.086] [exthost] [info] Lock '/opt/ml/.vscode-server/data/User/workspaceStorage/868326161f723fffa27566f36ac88867/vscode.lock': Marking the lockfile as scheduled to be released in 6000 ms.
[2021-08-27 07:29:56.128] [exthost] [info] exiting with code 0
