[2021-08-26 14:10:20.964] [exthost] [info] extension host started
[2021-08-26 14:10:20.973] [exthost] [info] Lock '/opt/ml/.vscode-server/data/User/workspaceStorage/868326161f723fffa27566f36ac88867/vscode.lock': Lock acquired.
[2021-08-26 14:10:21.011] [exthost] [info] ExtensionService#_doActivateExtension vscode.debug-auto-launch {"startup":true,"extensionId":{"value":"vscode.debug-auto-launch","_lower":"vscode.debug-auto-launch"},"activationEvent":"*"}
[2021-08-26 14:10:21.011] [exthost] [info] ExtensionService#loadCommonJSModule file:///opt/ml/.vscode-server/bin/3866c3553be8b268c8a7f8c0482c0c0177aa8bfa/extensions/debug-auto-launch/dist/extension
[2021-08-26 14:10:21.017] [exthost] [info] ExtensionService#_doActivateExtension vscode.git {"startup":true,"extensionId":{"value":"vscode.github","_lower":"vscode.github"},"activationEvent":"*"}
[2021-08-26 14:10:21.017] [exthost] [info] ExtensionService#loadCommonJSModule file:///opt/ml/.vscode-server/bin/3866c3553be8b268c8a7f8c0482c0c0177aa8bfa/extensions/git/dist/main
[2021-08-26 14:10:21.167] [exthost] [info] ExtensionService#_doActivateExtension vscode.github {"startup":true,"extensionId":{"value":"vscode.github","_lower":"vscode.github"},"activationEvent":"*"}
[2021-08-26 14:10:21.167] [exthost] [info] ExtensionService#loadCommonJSModule file:///opt/ml/.vscode-server/bin/3866c3553be8b268c8a7f8c0482c0c0177aa8bfa/extensions/github/dist/extension.js
[2021-08-26 14:10:21.256] [exthost] [info] ExtensionService#_doActivateExtension vscode.emmet {"startup":false,"extensionId":{"value":"vscode.emmet","_lower":"vscode.emmet"},"activationEvent":"onStartupFinished"}
[2021-08-26 14:10:21.256] [exthost] [info] ExtensionService#loadCommonJSModule file:///opt/ml/.vscode-server/bin/3866c3553be8b268c8a7f8c0482c0c0177aa8bfa/extensions/emmet/dist/node/emmetNodeMain
[2021-08-26 14:10:21.273] [exthost] [info] ExtensionService#_doActivateExtension vscode.merge-conflict {"startup":false,"extensionId":{"value":"vscode.merge-conflict","_lower":"vscode.merge-conflict"},"activationEvent":"onStartupFinished"}
[2021-08-26 14:10:21.273] [exthost] [info] ExtensionService#loadCommonJSModule file:///opt/ml/.vscode-server/bin/3866c3553be8b268c8a7f8c0482c0c0177aa8bfa/extensions/merge-conflict/dist/mergeConflictMain
[2021-08-26 14:10:21.277] [exthost] [info] eager extensions activated
[2021-08-26 14:10:21.321] [exthost] [info] ExtensionService#_doActivateExtension ms-vscode.js-debug {"startup":false,"extensionId":{"value":"ms-vscode.js-debug","_lower":"ms-vscode.js-debug"},"activationEvent":"onCommand:extension.js-debug.clearAutoAttachVariables"}
[2021-08-26 14:10:21.321] [exthost] [info] ExtensionService#loadCommonJSModule file:///opt/ml/.vscode-server/bin/3866c3553be8b268c8a7f8c0482c0c0177aa8bfa/extensions/ms-vscode.js-debug/src/extension.js
[2021-08-26 14:10:54.272] [exthost] [info] ExtensionService#_doActivateExtension vscode.ipynb {"startup":false,"extensionId":{"value":"vscode.ipynb","_lower":"vscode.ipynb"},"activationEvent":"onNotebook:jupyter-notebook"}
[2021-08-26 14:10:54.272] [exthost] [info] ExtensionService#loadCommonJSModule file:///opt/ml/.vscode-server/bin/3866c3553be8b268c8a7f8c0482c0c0177aa8bfa/extensions/ipynb/dist/ipynbMain.js
[2021-08-26 14:11:25.223] [exthost] [info] ExtensionService#_doActivateExtension ms-toolsai.jupyter {"startup":false,"extensionId":{"value":"ms-toolsai.jupyter","_lower":"ms-toolsai.jupyter"},"activationEvent":"onLanguage:python"}
[2021-08-26 14:11:25.224] [exthost] [info] ExtensionService#loadCommonJSModule file:///opt/ml/.vscode-server/extensions/ms-toolsai.jupyter-2021.8.1236758218/out/client/extension
[2021-08-26 14:11:39.075] [exthost] [warning] [Decorations] CAPPING events from decorations provider vscode.git 5000
[2021-08-26 14:11:39.109] [exthost] [info] ExtensionService#_doActivateExtension vscode.configuration-editing {"startup":false,"extensionId":{"value":"vscode.configuration-editing","_lower":"vscode.configuration-editing"},"activationEvent":"onLanguage:jsonc"}
[2021-08-26 14:11:39.109] [exthost] [info] ExtensionService#loadCommonJSModule file:///opt/ml/.vscode-server/bin/3866c3553be8b268c8a7f8c0482c0c0177aa8bfa/extensions/configuration-editing/dist/configurationEditingMain
[2021-08-26 14:11:39.116] [exthost] [info] ExtensionService#_doActivateExtension vscode.json-language-features {"startup":false,"extensionId":{"value":"vscode.json-language-features","_lower":"vscode.json-language-features"},"activationEvent":"onLanguage:jsonc"}
[2021-08-26 14:11:39.116] [exthost] [info] ExtensionService#loadCommonJSModule file:///opt/ml/.vscode-server/bin/3866c3553be8b268c8a7f8c0482c0c0177aa8bfa/extensions/json-language-features/client/dist/node/jsonClientMain
[2021-08-26 14:11:39.186] [exthost] [info] ExtensionService#_doActivateExtension vscode.typescript-language-features {"startup":false,"extensionId":{"value":"vscode.typescript-language-features","_lower":"vscode.typescript-language-features"},"activationEvent":"onLanguage:jsonc"}
[2021-08-26 14:11:39.186] [exthost] [info] ExtensionService#loadCommonJSModule file:///opt/ml/.vscode-server/bin/3866c3553be8b268c8a7f8c0482c0c0177aa8bfa/extensions/typescript-language-features/dist/extension
[2021-08-26 14:11:40.333] [exthost] [warning] [Decorations] CAPPING events from decorations provider vscode.git 5005
[2021-08-26 14:12:27.924] [exthost] [info] ExtensionService#_doActivateExtension vscode.debug-server-ready {"startup":false,"extensionId":{"value":"vscode.debug-server-ready","_lower":"vscode.debug-server-ready"},"activationEvent":"onDebugResolve"}
[2021-08-26 14:12:27.924] [exthost] [info] ExtensionService#loadCommonJSModule file:///opt/ml/.vscode-server/bin/3866c3553be8b268c8a7f8c0482c0c0177aa8bfa/extensions/debug-server-ready/dist/extension
[2021-08-26 14:12:39.855] [exthost] [info] ExtensionService#_doActivateExtension ms-python.python {"startup":false,"extensionId":{"value":"ms-toolsai.jupyter","_lower":"ms-toolsai.jupyter"},"activationEvent":"api"}
[2021-08-26 14:12:39.855] [exthost] [info] ExtensionService#loadCommonJSModule file:///opt/ml/.vscode-server/extensions/ms-python.python-2021.8.1159798656/out/client/extension
[2021-08-26 14:12:40.881] [exthost] [info] ExtensionService#_doActivateExtension ms-python.vscode-pylance {"startup":false,"extensionId":{"value":"ms-python.vscode-pylance","_lower":"ms-python.vscode-pylance"},"activationEvent":"onLanguage:python"}
[2021-08-26 14:12:40.881] [exthost] [info] ExtensionService#loadCommonJSModule file:///opt/ml/.vscode-server/extensions/ms-python.vscode-pylance-2021.8.3/dist/extension.bundle.js
[2021-08-26 14:12:53.263] [exthost] [info] ExtensionService#_doActivateExtension mhutchie.git-graph {"startup":false,"extensionId":{"value":"mhutchie.git-graph","_lower":"mhutchie.git-graph"},"activationEvent":"*"}
[2021-08-26 14:12:53.263] [exthost] [info] ExtensionService#loadCommonJSModule file:///opt/ml/.vscode-server/extensions/mhutchie.git-graph-1.30.0/out/extension.js
[2021-08-26 14:14:40.792] [exthost] [warning] [Decorations] CAPPING events from decorations provider vscode.git 8120
[2021-08-26 14:22:49.046] [exthost] [warning] [Decorations] CAPPING events from decorations provider vscode.git 5000
[2021-08-26 14:24:50.417] [exthost] [warning] [Decorations] CAPPING events from decorations provider vscode.git 5000
[2021-08-26 14:24:54.443] [exthost] [warning] [Decorations] CAPPING events from decorations provider vscode.git 5000
[2021-08-26 18:47:28.527] [exthost] [info] extension host terminating: renderer disconnected for too long (1)
[2021-08-26 18:47:28.529] [exthost] [info] Lock '/opt/ml/.vscode-server/data/User/workspaceStorage/868326161f723fffa27566f36ac88867/vscode.lock': Marking the lockfile as scheduled to be released in 6000 ms.
[2021-08-26 18:47:29.568] [exthost] [info] exiting with code 0
