[2021-08-23 04:55:41.158] [exthost] [info] extension host started
[2021-08-23 04:55:41.167] [exthost] [info] Lock '/opt/ml/.vscode-server/data/User/workspaceStorage/21cef040e2dbde2199f4fdee94b167e8/vscode.lock': Lock acquired.
[2021-08-23 04:55:41.187] [exthost] [info] ExtensionService#_doActivateExtension vscode.debug-auto-launch {"startup":true,"extensionId":{"value":"vscode.debug-auto-launch","_lower":"vscode.debug-auto-launch"},"activationEvent":"*"}
[2021-08-23 04:55:41.188] [exthost] [info] ExtensionService#loadCommonJSModule file:///opt/ml/.vscode-server/bin/3866c3553be8b268c8a7f8c0482c0c0177aa8bfa/extensions/debug-auto-launch/dist/extension
[2021-08-23 04:55:41.192] [exthost] [info] ExtensionService#_doActivateExtension vscode.git {"startup":true,"extensionId":{"value":"vscode.github","_lower":"vscode.github"},"activationEvent":"*"}
[2021-08-23 04:55:41.193] [exthost] [info] ExtensionService#loadCommonJSModule file:///opt/ml/.vscode-server/bin/3866c3553be8b268c8a7f8c0482c0c0177aa8bfa/extensions/git/dist/main
[2021-08-23 04:55:41.357] [exthost] [info] ExtensionService#_doActivateExtension vscode.github {"startup":true,"extensionId":{"value":"vscode.github","_lower":"vscode.github"},"activationEvent":"*"}
[2021-08-23 04:55:41.357] [exthost] [info] ExtensionService#loadCommonJSModule file:///opt/ml/.vscode-server/bin/3866c3553be8b268c8a7f8c0482c0c0177aa8bfa/extensions/github/dist/extension.js
[2021-08-23 04:55:41.415] [exthost] [info] ExtensionService#_doActivateExtension vscode.emmet {"startup":false,"extensionId":{"value":"vscode.emmet","_lower":"vscode.emmet"},"activationEvent":"onStartupFinished"}
[2021-08-23 04:55:41.415] [exthost] [info] ExtensionService#loadCommonJSModule file:///opt/ml/.vscode-server/bin/3866c3553be8b268c8a7f8c0482c0c0177aa8bfa/extensions/emmet/dist/node/emmetNodeMain
[2021-08-23 04:55:41.434] [exthost] [info] ExtensionService#_doActivateExtension vscode.merge-conflict {"startup":false,"extensionId":{"value":"vscode.merge-conflict","_lower":"vscode.merge-conflict"},"activationEvent":"onStartupFinished"}
[2021-08-23 04:55:41.434] [exthost] [info] ExtensionService#loadCommonJSModule file:///opt/ml/.vscode-server/bin/3866c3553be8b268c8a7f8c0482c0c0177aa8bfa/extensions/merge-conflict/dist/mergeConflictMain
[2021-08-23 04:55:41.438] [exthost] [info] eager extensions activated
[2021-08-23 04:55:41.441] [exthost] [info] ExtensionService#_doActivateExtension ms-vscode.js-debug {"startup":false,"extensionId":{"value":"ms-vscode.js-debug","_lower":"ms-vscode.js-debug"},"activationEvent":"onCommand:extension.js-debug.clearAutoAttachVariables"}
[2021-08-23 04:55:41.441] [exthost] [info] ExtensionService#loadCommonJSModule file:///opt/ml/.vscode-server/bin/3866c3553be8b268c8a7f8c0482c0c0177aa8bfa/extensions/ms-vscode.js-debug/src/extension.js
[2021-08-23 04:55:48.567] [exthost] [info] ExtensionService#_doActivateExtension vscode.ipynb {"startup":false,"extensionId":{"value":"vscode.ipynb","_lower":"vscode.ipynb"},"activationEvent":"onNotebook:jupyter-notebook"}
[2021-08-23 04:55:48.567] [exthost] [info] ExtensionService#loadCommonJSModule file:///opt/ml/.vscode-server/bin/3866c3553be8b268c8a7f8c0482c0c0177aa8bfa/extensions/ipynb/dist/ipynbMain.js
[2021-08-23 04:57:15.511] [exthost] [info] extension host terminating: received terminate message from renderer
[2021-08-23 04:57:15.511] [exthost] [info] Lock '/opt/ml/.vscode-server/data/User/workspaceStorage/21cef040e2dbde2199f4fdee94b167e8/vscode.lock': Marking the lockfile as scheduled to be released in 6000 ms.
[2021-08-23 04:57:16.523] [exthost] [info] exiting with code 0
